{
  "numTotalTestSuites": 5,
  "numPassedTestSuites": 5,
  "numFailedTestSuites": 0,
  "numPendingTestSuites": 0,
  "numTotalTests": 25,
  "numPassedTests": 25,
  "numFailedTests": 0,
  "numPendingTests": 0,
  "numTodoTests": 0,
  "startTime": 1788419643285,
  "success": true,
  "testResults": [
    {
      "assertionResults": [
        {
          "ancestorTitles": [
            "",
            "Button Component"
          ],
          "fullName": " Button Component renders with default props",
          "status": "passed",
          "title": "renders with default props",
          "duration": 77,
          "failureMessages": []
        },
        {
          "ancestorTitles": [
            "",
            "Button Component"
          ],
          "fullName": " Button Component renders with different variants",
          "status": "passed",
          "title": "renders with different variants",
          "duration": 17,
          "failureMessages": []
        },
        {
          "ancestorTitles": [
            "",
            "Button Component"
          ],
          "fullName": " Button Component renders with different sizes",
          "status": "passed",
          "title": "renders with different sizes",
          "duration": 9,
          "failureMessages": []
        },
        {
          "ancestorTitles": [
            "",
            "Button Component"
          ],
          "fullName": " Button Component handles click events",
          "status": "passed",
          "title": "handles click events",
          "duration": 35,
          "failureMessages": []
        },
        {
          "ancestorTitles": [
            "",
            "Button Component"
          ],
          "fullName": " Button Component shows loading state",
          "status": "passed",
          "title": "shows loading state",
          "duration": 8,
          "failureMessages": []
        },
        {
          "ancestorTitles": [
            "",
            "Button Component"
          ],
          "fullName": " Button Component can be disabled",
          "status": "passed",
          "title": "can be disabled",
          "duration": 6,
          "failureMessages": []
        },
        {
          "ancestorTitles": [
            "",
            "Button Component"
          ],
          "fullName": " Button Component does not call onClick when disabled",
          "status": "passed",
          "title": "does not call onClick when disabled",
          "duration": 13,
          "failureMessages": []
        },
        {
          "ancestorTitles": [
            "",
            "Button Component"
          ],
          "fullName": " Button Component does not call onClick when loading",
          "status": "passed",
          "title": "does not call onClick when loading",
          "duration": 11,
          "failureMessages": []
        },
        {
          "ancestorTitles": [
            "",
            "Button Component"
          ],
          "fullName": " Button Component renders as link when href is provided",
          "status": "passed",
          "title": "renders as link when href is provided",
          "duration": 5,
          "failureMessages": []
        },
        {
          "ancestorTitles": [
            "",
            "Button Component"
          ],
          "fullName": " Button Component disables the link when href is combined with disabled",
          "status": "passed",
          "title": "disables the link when href is combined with disabled",
          "duration": 11,
          "failureMessages": []
        },
        {
          "ancestorTitles": [
            "",
            "Button Component"
          ],
          "fullName": " Button Component forwards ref correctly",
          "status": "passed",
          "title": "forwards ref correctly",
          "duration": 3,
          "failureMessages": []
        },
        {
          "ancestorTitles": [
            "",
            "Button Component"
          ],
          "fullName": " Button Component supports custom className",
          "status": "passed",
          "title": "supports custom className",
          "duration": 4,
          "failureMessages": []
        },
        {
          "ancestorTitles": [
            "",
            "Button Component"
          ],
          "fullName": " Button Component handles keyboard events",
          "status": "passed",
          "title": "handles keyboard events",
          "duration": 13,
          "failureMessages": []
        },
        {
          "ancestorTitles": [
            "",
            "Button Component"
          ],
          "fullName": " Button Component has proper accessibility attributes",
          "status": "passed",
          "title": "has proper accessibility attributes",
          "duration": 4,
          "failureMessages": []
        },
        {
          "ancestorTitles": [
            "",
            "Button Component"
          ],
          "fullName": " Button Component shows icon when provided",
          "status": "passed",
          "title": "shows icon when provided",
          "duration": 2,
          "failureMessages": []
        },
        {
          "ancestorTitles": [
            "",
            "Button Component"
          ],
          "fullName": " Button Component calls an async onClick handler exactly once",
          "status": "passed",
          "title": "calls an async onClick handler exactly once",
          "duration": 11,
          "failureMessages": []
        },
        {
          "ancestorTitles": [
            "",
            "Button Component"
          ],
          "fullName": " Button Component does not leave an unhandled rejection when onClick handler rejects",
          "status": "passed",
          "title": "does not leave an unhandled rejection when onClick handler rejects",
          "duration": 10,
          "failureMessages": []
        },
        {
          "ancestorTitles": [
            "",
            "Button Component"
          ],
          "fullName": " Button Component supports fullWidth prop",
          "status": "passed",
          "title": "supports fullWidth prop",
          "duration": 4,
          "failureMessages": []
        },
        {
          "ancestorTitles": [
            "",
            "Button Component"
          ],
          "fullName": " Button Component supports custom data attributes",
          "status": "passed",
          "title": "supports custom data attributes",
          "duration": 1,
          "failureMessages": []
        },
        {
          "ancestorTitles": [
            "",
            "Button Component",
            "Button variants styling"
          ],
          "fullName": " Button Component Button variants styling applies correct classes for primary variant",
          "status": "passed",
          "title": "applies correct classes for primary variant",
          "duration": 4,
          "failureMessages": []
        },
        {
          "ancestorTitles": [
            "",
            "Button Component",
            "Button variants styling"
          ],
          "fullName": " Button Component Button variants styling applies correct classes for outline variant",
          "status": "passed",
          "title": "applies correct classes for outline variant",
          "duration": 6,
          "failureMessages": []
        },
        {
          "ancestorTitles": [
            "",
            "Button Component",
            "Button variants styling"
          ],
          "fullName": " Button Component Button variants styling applies correct classes for danger variant",
          "status": "passed",
          "title": "applies correct classes for danger variant",
          "duration": 3,
          "failureMessages": []
        },
        {
          "ancestorTitles": [
            "",
            "Button Component",
            "Button accessibility"
          ],
          "fullName": " Button Component Button accessibility has correct ARIA attributes when loading",
          "status": "passed",
          "title": "has correct ARIA attributes when loading",
          "duration": 4,
          "failureMessages": []
        },
        {
          "ancestorTitles": [
            "",
            "Button Component",
            "Button accessibility"
          ],
          "fullName": " Button Component Button accessibility maintains focus management",
          "status": "passed",
          "title": "maintains focus management",
          "duration": 15,
          "failureMessages": []
        },
        {
          "ancestorTitles": [
            "",
            "Button Component",
            "Button performance"
          ],
          "fullName": " Button Component Button performance does not re-render unnecessarily",
          "status": "passed",
          "title": "does not re-render unnecessarily",
          "duration": 1,
          "failureMessages": []
        }
      ],
      "startTime": 1788419644417,
      "endTime": 1788419644695,
      "status": "passed",
      "message": "",
      "name": "/home/karkyon/projects/travelcanvas/frontend/src/components/Button.test.tsx"
    }
  ]
}